0 info it worked if it ends with ok
1 verbose cli [ 'C:\\Program Files\\nodejs\\node.exe',
1 verbose cli   'C:\\Program Files\\nodejs\\node_modules\\npm\\bin\\npm-cli.js',
1 verbose cli   'start' ]
2 info using npm@3.10.10
3 info using node@v6.11.0
4 verbose run-script [ 'prestart', 'start', 'poststart' ]
5 info lifecycle complaintforum@0.0.1~prestart: complaintforum@0.0.1
6 silly lifecycle complaintforum@0.0.1~prestart: no script for prestart, continuing
7 info lifecycle complaintforum@0.0.1~start: complaintforum@0.0.1
8 verbose lifecycle complaintforum@0.0.1~start: unsafe-perm in lifecycle true
9 verbose lifecycle complaintforum@0.0.1~start: PATH: C:\Program Files\nodejs\node_modules\npm\bin\node-gyp-bin;D:\2017\Office Files\MathuDocs\MiniProject\ComplaintForum\node_modules\.bin;D:\2017\softwares\app\oracle\product\10.2.0\server\bin;C:\WINDOWS\system32;C:\WINDOWS;C:\WINDOWS\System32\Wbem;C:\WINDOWS\System32\WindowsPowerShell\v1.0\;C:\Program Files\Git\cmd;C:\Program Files\nodejs\;C:\Program Files\TortoiseGit\bin;C:\Program Files (x86)\Common Files\Adobe\AGL;C:\Program Files\TortoiseSVN\bin;C:\Program Files (x86)\DevDesktop\tools;C:\Program Files\Microsoft\Web Platform Installer\;C:\Program Files\Microsoft SQL Server\110\Tools\Binn\;C:\Program Files (x86)\Microsoft ASP.NET\ASP.NET Web Pages\v1.0\;C:\Program Files\Microsoft SQL Server\Client SDK\ODBC\130\Tools\Binn\;C:\Program Files (x86)\Microsoft SQL Server\140\Tools\Binn\;C:\Program Files\Microsoft SQL Server\140\Tools\Binn\;C:\Program Files\Microsoft SQL Server\140\DTS\Binn\;C:\Users\dineaji\AppData\Local\Microsoft\WindowsApps;C:\Program Files\Heroku\bin;C:\Users\dineaji\AppData\Roaming\npm;C:\Program Files (x86)\Microsoft VS Code\bin
10 verbose lifecycle complaintforum@0.0.1~start: CWD: D:\2017\Office Files\MathuDocs\MiniProject\ComplaintForum
11 silly lifecycle complaintforum@0.0.1~start: Args: [ '/d /s /c', 'node index.js' ]
12 silly lifecycle complaintforum@0.0.1~start: Returned: code: 3221225786  signal: null
13 info lifecycle complaintforum@0.0.1~start: Failed to exec start script
14 verbose stack Error: complaintforum@0.0.1 start: `node index.js`
14 verbose stack Exit status 3221225786
14 verbose stack     at EventEmitter.<anonymous> (C:\Program Files\nodejs\node_modules\npm\lib\utils\lifecycle.js:255:16)
14 verbose stack     at emitTwo (events.js:106:13)
14 verbose stack     at EventEmitter.emit (events.js:191:7)
14 verbose stack     at ChildProcess.<anonymous> (C:\Program Files\nodejs\node_modules\npm\lib\utils\spawn.js:40:14)
14 verbose stack     at emitTwo (events.js:106:13)
14 verbose stack     at ChildProcess.emit (events.js:191:7)
14 verbose stack     at maybeClose (internal/child_process.js:891:16)
14 verbose stack     at Process.ChildProcess._handle.onexit (internal/child_process.js:226:5)
15 verbose pkgid complaintforum@0.0.1
16 verbose cwd D:\2017\Office Files\MathuDocs\MiniProject\ComplaintForum
17 error Windows_NT 10.0.14393
18 error argv "C:\\Program Files\\nodejs\\node.exe" "C:\\Program Files\\nodejs\\node_modules\\npm\\bin\\npm-cli.js" "start"
19 error node v6.11.0
20 error npm  v3.10.10
21 error code ELIFECYCLE
22 error complaintforum@0.0.1 start: `node index.js`
22 error Exit status 3221225786
23 error Failed at the complaintforum@0.0.1 start script 'node index.js'.
23 error Make sure you have the latest version of node.js and npm installed.
23 error If you do, this is most likely a problem with the complaintforum package,
23 error not with npm itself.
23 error Tell the author that this fails on your system:
23 error     node index.js
23 error You can get information on how to open an issue for this project with:
23 error     npm bugs complaintforum
23 error Or if that isn't available, you can get their info via:
23 error     npm owner ls complaintforum
23 error There is likely additional logging output above.
24 verbose exit [ 1, true ]
